[0515/133326.754:ERROR:backend_impl.cc(1041)] Critical error found -8
[0515/133327.950:ERROR:entry_impl.cc(1075)] No file for c1030004
[0515/133327.951:WARNING:storage_block-inl.h(146)] Failed data load.
[0515/133327.951:WARNING:storage_block-inl.h(146)] Failed data load.
[0515/133327.951:WARNING:storage_block-inl.h(146)] Failed data load.
[0515/133327.951:WARNING:storage_block-inl.h(146)] Failed data load.
[0515/133327.951:ERROR:entry_impl.cc(1075)] No file for c1030000
[0515/133327.951:WARNING:storage_block-inl.h(146)] Failed data load.
[0515/133327.951:WARNING:storage_block-inl.h(146)] Failed data load.
[0515/133327.951:WARNING:storage_block-inl.h(146)] Failed data load.
[0515/133327.952:WARNING:storage_block-inl.h(146)] Failed data load.
[0515/133327.952:ERROR:entry_impl.cc(1075)] No file for c1030002
[0515/133327.952:WARNING:storage_block-inl.h(146)] Failed data load.
[0515/133327.953:WARNING:storage_block-inl.h(146)] Failed data load.
[0515/133327.953:WARNING:storage_block-inl.h(146)] Failed data load.
[0515/133327.953:WARNING:storage_block-inl.h(146)] Failed data load.
[0515/133327.953:ERROR:entry_impl.cc(1075)] No file for c1030008
[0515/133327.953:WARNING:storage_block-inl.h(146)] Failed data load.
[0515/133327.953:WARNING:storage_block-inl.h(146)] Failed data load.
[0515/133327.953:WARNING:storage_block-inl.h(146)] Failed data load.
[0515/133327.953:WARNING:storage_block-inl.h(146)] Failed data load.
[0515/133327.953:ERROR:entry_impl.cc(1075)] No file for c1030006
[0515/133327.954:WARNING:storage_block-inl.h(146)] Failed data load.
[0515/133327.954:WARNING:storage_block-inl.h(146)] Failed data load.
[0515/133327.954:WARNING:storage_block-inl.h(146)] Failed data load.
[0515/133327.954:WARNING:storage_block-inl.h(146)] Failed data load.
[0515/133327.955:WARNING:storage_block-inl.h(146)] Failed data load.
[0515/133343.282:WARNING:value_store_frontend.cc(45)] Reading mhjfbmdgcfjbbpaeojofohoefgiehjai.alarms from  failed: IO error: .../MANIFEST-000001: Unable to create sequential file (ChromeMethodBFE: 7::NewSequentialFile::1)
[0515/133522.569:ERROR:gpu_init.cc(426)] Passthrough is not supported, GL is disabled
