[0604/185241.425:ERROR:os_crypt_win.cc(93)] Failed to decrypt: Key not valid for use in specified state. (0x8009000B)
[0604/185241.919:ERROR:backend_impl.cc(1041)] Critical error found -8
[0604/185241.920:ERROR:entry_impl.cc(1075)] No file for c10304b8
[0604/185241.920:WARNING:storage_block-inl.h(146)] Failed data load.
[0604/185241.920:WARNING:storage_block-inl.h(146)] Failed data load.
[0604/185241.920:WARNING:storage_block-inl.h(146)] Failed data load.
[0604/185241.920:WARNING:storage_block-inl.h(146)] Failed data load.
[0604/185241.920:ERROR:entry_impl.cc(1075)] No file for c10304b2
[0604/185241.920:WARNING:storage_block-inl.h(146)] Failed data load.
[0604/185241.920:WARNING:storage_block-inl.h(146)] Failed data load.
[0604/185241.920:WARNING:storage_block-inl.h(146)] Failed data load.
[0604/185241.921:WARNING:storage_block-inl.h(146)] Failed data load.
[0604/185241.921:ERROR:entry_impl.cc(1075)] No file for c10304ba
[0604/185241.921:WARNING:storage_block-inl.h(146)] Failed data load.
[0604/185241.921:WARNING:storage_block-inl.h(146)] Failed data load.
[0604/185241.922:WARNING:storage_block-inl.h(146)] Failed data load.
[0604/185442.096:ERROR:gpu_init.cc(426)] Passthrough is not supported, GL is disabled
[0604/185533.061:WARNING:value_store_frontend.cc(45)] Reading mhjfbmdgcfjbbpaeojofohoefgiehjai.alarms from  failed: IO error: .../MANIFEST-000001: Unable to create sequential file (ChromeMethodBFE: 7::NewSequentialFile::1)
[0604/193122.755:WARNING:spdy_session.cc(3431)] Received HEADERS for invalid stream 1
[0604/193212.209:WARNING:spdy_session.cc(3431)] Received HEADERS for invalid stream 311
[0604/193212.255:WARNING:spdy_session.cc(3431)] Received HEADERS for invalid stream 313
[0604/193212.460:WARNING:spdy_session.cc(3431)] Received HEADERS for invalid stream 317
[0604/193212.554:WARNING:spdy_session.cc(3431)] Received HEADERS for invalid stream 315
[0604/193212.637:WARNING:spdy_session.cc(3431)] Received HEADERS for invalid stream 321
[0604/193212.659:WARNING:spdy_session.cc(3431)] Received HEADERS for invalid stream 323
[0604/193212.702:WARNING:spdy_session.cc(3431)] Received HEADERS for invalid stream 325
[0604/193212.775:WARNING:spdy_session.cc(3431)] Received HEADERS for invalid stream 327
[0604/193212.807:WARNING:spdy_session.cc(3431)] Received HEADERS for invalid stream 319
[0604/193213.496:WARNING:spdy_session.cc(3431)] Received HEADERS for invalid stream 329
[0604/193213.559:WARNING:spdy_session.cc(3431)] Received HEADERS for invalid stream 331
[0604/193213.926:WARNING:spdy_session.cc(3431)] Received HEADERS for invalid stream 333
[0604/193214.175:WARNING:spdy_session.cc(3431)] Received HEADERS for invalid stream 337
[0604/193214.272:WARNING:spdy_session.cc(3431)] Received HEADERS for invalid stream 335
[0604/193214.356:WARNING:spdy_session.cc(3431)] Received HEADERS for invalid stream 339
[0604/193214.440:WARNING:spdy_session.cc(3431)] Received HEADERS for invalid stream 349
[0604/193214.526:WARNING:spdy_session.cc(3431)] Received HEADERS for invalid stream 341
[0604/193214.577:WARNING:spdy_session.cc(3431)] Received HEADERS for invalid stream 343
[0604/193214.590:WARNING:spdy_session.cc(3431)] Received HEADERS for invalid stream 345
[0604/193214.591:WARNING:spdy_session.cc(3431)] Received HEADERS for invalid stream 347
[0604/193214.591:WARNING:spdy_session.cc(3431)] Received HEADERS for invalid stream 351
[0604/193214.591:WARNING:spdy_session.cc(3431)] Received HEADERS for invalid stream 353
[0604/193214.591:WARNING:spdy_session.cc(3431)] Received HEADERS for invalid stream 355
[0604/193214.591:WARNING:spdy_session.cc(3431)] Received HEADERS for invalid stream 357
[0604/193214.591:WARNING:spdy_session.cc(3431)] Received HEADERS for invalid stream 359
[0604/193214.591:WARNING:spdy_session.cc(3431)] Received HEADERS for invalid stream 361
[0604/193214.591:WARNING:spdy_session.cc(3431)] Received HEADERS for invalid stream 363
[0604/193214.591:WARNING:spdy_session.cc(3431)] Received HEADERS for invalid stream 365
[0604/193214.591:WARNING:spdy_session.cc(3431)] Received HEADERS for invalid stream 367
[0604/193214.591:WARNING:spdy_session.cc(3431)] Received HEADERS for invalid stream 369
[0604/193214.591:WARNING:spdy_session.cc(3431)] Received HEADERS for invalid stream 373
[0604/193214.591:WARNING:spdy_session.cc(3431)] Received HEADERS for invalid stream 375
[0604/193214.591:WARNING:spdy_session.cc(3431)] Received HEADERS for invalid stream 381
[0604/193214.591:WARNING:spdy_session.cc(3431)] Received HEADERS for invalid stream 371
[0604/193214.591:WARNING:spdy_session.cc(3431)] Received HEADERS for invalid stream 377
[0604/193214.591:WARNING:spdy_session.cc(3431)] Received HEADERS for invalid stream 379
